2022-09-15T03:04:38+00:00 CRITICAL Uncaught Error: Call to undefined function get_cart_quantity() in /var/www/html/wp-content/themes/orin/header.php:46
Stack trace:
#0 /var/www/html/wp-includes/template.php(770): require_once()
#1 /var/www/html/wp-includes/template.php(716): load_template('/var/www/html/w...', true, Array)
#2 /var/www/html/wp-includes/general-template.php(48): locate_template(Array, true, true, Array)
#3 /var/www/html/wp-content/themes/orin/page-shop.php(1): get_header()
#4 /var/www/html/wp-includes/template-loader.php(106): include('/var/www/html/w...')
#5 /var/www/html/wp-blog-header.php(19): require_once('/var/www/html/w...')
#6 /var/www/html/index.php(17): require('/var/www/html/w...')
#7 {main}
  thrown in /var/www/html/wp-content/themes/orin/header.php on line 46

2022-09-15T03:04:53+00:00 CRITICAL Uncaught Error: Call to undefined function get_cart_quantity() in /var/www/html/wp-content/themes/orin/header.php:46
Stack trace:
#0 /var/www/html/wp-includes/template.php(770): require_once()
#1 /var/www/html/wp-includes/template.php(716): load_template('/var/www/html/w...', true, Array)
#2 /var/www/html/wp-includes/general-template.php(48): locate_template(Array, true, true, Array)
#3 /var/www/html/wp-content/themes/orin/page-shop.php(1): get_header()
#4 /var/www/html/wp-includes/template-loader.php(106): include('/var/www/html/w...')
#5 /var/www/html/wp-blog-header.php(19): require_once('/var/www/html/w...')
#6 /var/www/html/index.php(17): require('/var/www/html/w...')
#7 {main}
  thrown in /var/www/html/wp-content/themes/orin/header.php on line 46

2022-09-15T03:06:59+00:00 CRITICAL Uncaught Error: Call to a member function add_to_cart_url() on null in /var/www/html/wp-content/themes/orin/header.php:50
Stack trace:
#0 /var/www/html/wp-includes/template.php(770): require_once()
#1 /var/www/html/wp-includes/template.php(716): load_template('/var/www/html/w...', true, Array)
#2 /var/www/html/wp-includes/general-template.php(48): locate_template(Array, true, true, Array)
#3 /var/www/html/wp-content/themes/orin/page-shop.php(1): get_header()
#4 /var/www/html/wp-includes/template-loader.php(106): include('/var/www/html/w...')
#5 /var/www/html/wp-blog-header.php(19): require_once('/var/www/html/w...')
#6 /var/www/html/index.php(17): require('/var/www/html/w...')
#7 {main}
  thrown in /var/www/html/wp-content/themes/orin/header.php on line 50

2022-09-15T04:12:37+00:00 CRITICAL Uncaught Error: Call to a member function get_cart_contents_count() on null in /var/www/html/wp-content/themes/orin/functions.php:346
Stack trace:
#0 /var/www/html/wp-settings.php(566): include()
#1 /var/www/html/wp-config.php(149): require_once('/var/www/html/w...')
#2 /var/www/html/wp-load.php(50): require_once('/var/www/html/w...')
#3 /var/www/html/wp-blog-header.php(13): require_once('/var/www/html/w...')
#4 /var/www/html/index.php(17): require('/var/www/html/w...')
#5 {main}
  thrown in /var/www/html/wp-content/themes/orin/functions.php on line 346

2022-09-15T04:12:37+00:00 CRITICAL Uncaught Error: Call to a member function get_cart_contents_count() on null in /var/www/html/wp-content/themes/orin/functions.php:346
Stack trace:
#0 /var/www/html/wp-settings.php(566): include()
#1 /var/www/html/wp-config.php(149): require_once('/var/www/html/w...')
#2 /var/www/html/wp-load.php(50): require_once('/var/www/html/w...')
#3 /var/www/html/wp-blog-header.php(13): require_once('/var/www/html/w...')
#4 /var/www/html/index.php(17): require('/var/www/html/w...')
#5 {main}
  thrown in /var/www/html/wp-content/themes/orin/functions.php on line 346

2022-09-15T04:25:41+00:00 CRITICAL Uncaught ArgumentCountError: Too few arguments to function _n(), 2 passed in /var/www/html/wp-content/themes/orin/functions.php on line 344 and at least 3 expected in /var/www/html/wp-includes/l10n.php:473
Stack trace:
#0 /var/www/html/wp-content/themes/orin/functions.php(344): _n(1, 'woocommerce')
#1 /var/www/html/wp-content/themes/orin/header.php(42): count_item_in_cart()
#2 /var/www/html/wp-includes/template.php(770): require_once('/var/www/html/w...')
#3 /var/www/html/wp-includes/template.php(716): load_template('/var/www/html/w...', true, Array)
#4 /var/www/html/wp-includes/general-template.php(48): locate_template(Array, true, true, Array)
#5 /var/www/html/wp-content/themes/orin/page-home.php(2): get_header()
#6 /var/www/html/wp-includes/template-loader.php(106): include('/var/www/html/w...')
#7 /var/www/html/wp-blog-header.php(19): require_once('/var/www/html/w...')
#8 /var/www/html/index.php(17): require('/var/www/html/w...')
#9 {main}
  thrown in /var/www/html/wp-includes/l10n.php on line 473

2022-09-15T04:37:51+00:00 CRITICAL Uncaught ArgumentCountError: Too few arguments to function woocommerce_header_add_to_cart_fragment(), 0 passed in /var/www/html/wp-content/themes/orin/header.php on line 42 and exactly 1 expected in /var/www/html/wp-content/themes/orin/functions.php:351
Stack trace:
#0 /var/www/html/wp-content/themes/orin/header.php(42): woocommerce_header_add_to_cart_fragment()
#1 /var/www/html/wp-includes/template.php(770): require_once('/var/www/html/w...')
#2 /var/www/html/wp-includes/template.php(716): load_template('/var/www/html/w...', true, Array)
#3 /var/www/html/wp-includes/general-template.php(48): locate_template(Array, true, true, Array)
#4 /var/www/html/wp-content/themes/orin/page-home.php(2): get_header()
#5 /var/www/html/wp-includes/template-loader.php(106): include('/var/www/html/w...')
#6 /var/www/html/wp-blog-header.php(19): require_once('/var/www/html/w...')
#7 /var/www/html/index.php(17): require('/var/www/html/w...')
#8 {main}
  thrown in /var/www/html/wp-content/themes/orin/functions.php on line 351

2022-09-15T04:37:53+00:00 CRITICAL Uncaught ArgumentCountError: Too few arguments to function woocommerce_header_add_to_cart_fragment(), 0 passed in /var/www/html/wp-content/themes/orin/header.php on line 42 and exactly 1 expected in /var/www/html/wp-content/themes/orin/functions.php:351
Stack trace:
#0 /var/www/html/wp-content/themes/orin/header.php(42): woocommerce_header_add_to_cart_fragment()
#1 /var/www/html/wp-includes/template.php(770): require_once('/var/www/html/w...')
#2 /var/www/html/wp-includes/template.php(716): load_template('/var/www/html/w...', true, Array)
#3 /var/www/html/wp-includes/general-template.php(48): locate_template(Array, true, true, Array)
#4 /var/www/html/wp-content/themes/orin/page-home.php(2): get_header()
#5 /var/www/html/wp-includes/template-loader.php(106): include('/var/www/html/w...')
#6 /var/www/html/wp-blog-header.php(19): require_once('/var/www/html/w...')
#7 /var/www/html/index.php(17): require('/var/www/html/w...')
#8 {main}
  thrown in /var/www/html/wp-content/themes/orin/functions.php on line 351

2022-09-15T04:37:54+00:00 CRITICAL Uncaught ArgumentCountError: Too few arguments to function woocommerce_header_add_to_cart_fragment(), 0 passed in /var/www/html/wp-content/themes/orin/header.php on line 42 and exactly 1 expected in /var/www/html/wp-content/themes/orin/functions.php:351
Stack trace:
#0 /var/www/html/wp-content/themes/orin/header.php(42): woocommerce_header_add_to_cart_fragment()
#1 /var/www/html/wp-includes/template.php(770): require_once('/var/www/html/w...')
#2 /var/www/html/wp-includes/template.php(716): load_template('/var/www/html/w...', true, Array)
#3 /var/www/html/wp-includes/general-template.php(48): locate_template(Array, true, true, Array)
#4 /var/www/html/wp-content/themes/orin/page-home.php(2): get_header()
#5 /var/www/html/wp-includes/template-loader.php(106): include('/var/www/html/w...')
#6 /var/www/html/wp-blog-header.php(19): require_once('/var/www/html/w...')
#7 /var/www/html/index.php(17): require('/var/www/html/w...')
#8 {main}
  thrown in /var/www/html/wp-content/themes/orin/functions.php on line 351

2022-09-15T04:38:06+00:00 CRITICAL Uncaught Error: Call to undefined function count_item_in_cart() in /var/www/html/wp-content/themes/orin/header.php:42
Stack trace:
#0 /var/www/html/wp-includes/template.php(770): require_once()
#1 /var/www/html/wp-includes/template.php(716): load_template('/var/www/html/w...', true, Array)
#2 /var/www/html/wp-includes/general-template.php(48): locate_template(Array, true, true, Array)
#3 /var/www/html/wp-content/themes/orin/page-home.php(2): get_header()
#4 /var/www/html/wp-includes/template-loader.php(106): include('/var/www/html/w...')
#5 /var/www/html/wp-blog-header.php(19): require_once('/var/www/html/w...')
#6 /var/www/html/index.php(17): require('/var/www/html/w...')
#7 {main}
  thrown in /var/www/html/wp-content/themes/orin/header.php on line 42

