2022-09-06T08:13:58+00:00 CRITICAL Uncaught Error: Call to a member function get_price_html() on null in /var/www/html/wp-content/themes/orin/content.php:22
Stack trace:
#0 /var/www/html/wp-includes/template.php(772): require()
#1 /var/www/html/wp-includes/template.php(716): load_template('/var/www/html/w...', false, Array)
#2 /var/www/html/wp-includes/general-template.php(204): locate_template(Array, true, false, Array)
#3 /var/www/html/wp-content/themes/orin/page-home.php(25): get_template_part('content')
#4 /var/www/html/wp-includes/template-loader.php(106): include('/var/www/html/w...')
#5 /var/www/html/wp-blog-header.php(19): require_once('/var/www/html/w...')
#6 /var/www/html/index.php(17): require('/var/www/html/w...')
#7 {main}
  thrown in /var/www/html/wp-content/themes/orin/content.php on line 22

2022-09-06T08:14:32+00:00 CRITICAL Uncaught Error: Call to a member function get_regular_price() on null in /var/www/html/wp-content/themes/orin/content.php:22
Stack trace:
#0 /var/www/html/wp-includes/template.php(772): require()
#1 /var/www/html/wp-includes/template.php(716): load_template('/var/www/html/w...', false, Array)
#2 /var/www/html/wp-includes/general-template.php(204): locate_template(Array, true, false, Array)
#3 /var/www/html/wp-content/themes/orin/page-home.php(25): get_template_part('content')
#4 /var/www/html/wp-includes/template-loader.php(106): include('/var/www/html/w...')
#5 /var/www/html/wp-blog-header.php(19): require_once('/var/www/html/w...')
#6 /var/www/html/index.php(17): require('/var/www/html/w...')
#7 {main}
  thrown in /var/www/html/wp-content/themes/orin/content.php on line 22

2022-09-06T08:14:41+00:00 CRITICAL Uncaught Error: Call to a member function get_regular_price() on null in /var/www/html/wp-content/themes/orin/content.php:22
Stack trace:
#0 /var/www/html/wp-includes/template.php(772): require()
#1 /var/www/html/wp-includes/template.php(716): load_template('/var/www/html/w...', false, Array)
#2 /var/www/html/wp-includes/general-template.php(204): locate_template(Array, true, false, Array)
#3 /var/www/html/wp-content/themes/orin/page-home.php(25): get_template_part('content')
#4 /var/www/html/wp-includes/template-loader.php(106): include('/var/www/html/w...')
#5 /var/www/html/wp-blog-header.php(19): require_once('/var/www/html/w...')
#6 /var/www/html/index.php(17): require('/var/www/html/w...')
#7 {main}
  thrown in /var/www/html/wp-content/themes/orin/content.php on line 22

2022-09-06T08:14:57+00:00 CRITICAL Uncaught Error: Call to undefined function get_regular_price() in /var/www/html/wp-content/themes/orin/content.php:22
Stack trace:
#0 /var/www/html/wp-includes/template.php(772): require()
#1 /var/www/html/wp-includes/template.php(716): load_template('/var/www/html/w...', false, Array)
#2 /var/www/html/wp-includes/general-template.php(204): locate_template(Array, true, false, Array)
#3 /var/www/html/wp-content/themes/orin/page-home.php(25): get_template_part('content')
#4 /var/www/html/wp-includes/template-loader.php(106): include('/var/www/html/w...')
#5 /var/www/html/wp-blog-header.php(19): require_once('/var/www/html/w...')
#6 /var/www/html/index.php(17): require('/var/www/html/w...')
#7 {main}
  thrown in /var/www/html/wp-content/themes/orin/content.php on line 22

2022-09-06T08:14:59+00:00 CRITICAL Uncaught Error: Call to undefined function get_regular_price() in /var/www/html/wp-content/themes/orin/content.php:22
Stack trace:
#0 /var/www/html/wp-includes/template.php(772): require()
#1 /var/www/html/wp-includes/template.php(716): load_template('/var/www/html/w...', false, Array)
#2 /var/www/html/wp-includes/general-template.php(204): locate_template(Array, true, false, Array)
#3 /var/www/html/wp-content/themes/orin/page-home.php(25): get_template_part('content')
#4 /var/www/html/wp-includes/template-loader.php(106): include('/var/www/html/w...')
#5 /var/www/html/wp-blog-header.php(19): require_once('/var/www/html/w...')
#6 /var/www/html/index.php(17): require('/var/www/html/w...')
#7 {main}
  thrown in /var/www/html/wp-content/themes/orin/content.php on line 22

2022-09-06T08:15:00+00:00 CRITICAL Uncaught Error: Call to undefined function get_regular_price() in /var/www/html/wp-content/themes/orin/content.php:22
Stack trace:
#0 /var/www/html/wp-includes/template.php(772): require()
#1 /var/www/html/wp-includes/template.php(716): load_template('/var/www/html/w...', false, Array)
#2 /var/www/html/wp-includes/general-template.php(204): locate_template(Array, true, false, Array)
#3 /var/www/html/wp-content/themes/orin/page-home.php(25): get_template_part('content')
#4 /var/www/html/wp-includes/template-loader.php(106): include('/var/www/html/w...')
#5 /var/www/html/wp-blog-header.php(19): require_once('/var/www/html/w...')
#6 /var/www/html/index.php(17): require('/var/www/html/w...')
#7 {main}
  thrown in /var/www/html/wp-content/themes/orin/content.php on line 22

2022-09-06T08:17:41+00:00 CRITICAL Uncaught Error: Call to undefined function display_thumbnail() in /var/www/html/wp-content/themes/orin/content.php:20
Stack trace:
#0 /var/www/html/wp-includes/template.php(772): require()
#1 /var/www/html/wp-includes/template.php(716): load_template('/var/www/html/w...', false, Array)
#2 /var/www/html/wp-includes/general-template.php(204): locate_template(Array, true, false, Array)
#3 /var/www/html/wp-content/themes/orin/page-home.php(25): get_template_part('content')
#4 /var/www/html/wp-includes/template-loader.php(106): include('/var/www/html/w...')
#5 /var/www/html/wp-blog-header.php(19): require_once('/var/www/html/w...')
#6 /var/www/html/index.php(17): require('/var/www/html/w...')
#7 {main}
  thrown in /var/www/html/wp-content/themes/orin/content.php on line 20

2022-09-06T08:17:45+00:00 CRITICAL Uncaught Error: Call to undefined function display_thumbnail() in /var/www/html/wp-content/themes/orin/content.php:20
Stack trace:
#0 /var/www/html/wp-includes/template.php(772): require()
#1 /var/www/html/wp-includes/template.php(716): load_template('/var/www/html/w...', false, Array)
#2 /var/www/html/wp-includes/general-template.php(204): locate_template(Array, true, false, Array)
#3 /var/www/html/wp-content/themes/orin/page-home.php(25): get_template_part('content')
#4 /var/www/html/wp-includes/template-loader.php(106): include('/var/www/html/w...')
#5 /var/www/html/wp-blog-header.php(19): require_once('/var/www/html/w...')
#6 /var/www/html/index.php(17): require('/var/www/html/w...')
#7 {main}
  thrown in /var/www/html/wp-content/themes/orin/content.php on line 20

2022-09-06T08:17:46+00:00 CRITICAL Uncaught Error: Call to undefined function display_thumbnail() in /var/www/html/wp-content/themes/orin/content.php:20
Stack trace:
#0 /var/www/html/wp-includes/template.php(772): require()
#1 /var/www/html/wp-includes/template.php(716): load_template('/var/www/html/w...', false, Array)
#2 /var/www/html/wp-includes/general-template.php(204): locate_template(Array, true, false, Array)
#3 /var/www/html/wp-content/themes/orin/page-home.php(25): get_template_part('content')
#4 /var/www/html/wp-includes/template-loader.php(106): include('/var/www/html/w...')
#5 /var/www/html/wp-blog-header.php(19): require_once('/var/www/html/w...')
#6 /var/www/html/index.php(17): require('/var/www/html/w...')
#7 {main}
  thrown in /var/www/html/wp-content/themes/orin/content.php on line 20

2022-09-06T08:17:46+00:00 CRITICAL Uncaught Error: Call to undefined function display_thumbnail() in /var/www/html/wp-content/themes/orin/content.php:20
Stack trace:
#0 /var/www/html/wp-includes/template.php(772): require()
#1 /var/www/html/wp-includes/template.php(716): load_template('/var/www/html/w...', false, Array)
#2 /var/www/html/wp-includes/general-template.php(204): locate_template(Array, true, false, Array)
#3 /var/www/html/wp-content/themes/orin/page-home.php(25): get_template_part('content')
#4 /var/www/html/wp-includes/template-loader.php(106): include('/var/www/html/w...')
#5 /var/www/html/wp-blog-header.php(19): require_once('/var/www/html/w...')
#6 /var/www/html/index.php(17): require('/var/www/html/w...')
#7 {main}
  thrown in /var/www/html/wp-content/themes/orin/content.php on line 20

2022-09-06T08:17:47+00:00 CRITICAL Uncaught Error: Call to undefined function display_thumbnail() in /var/www/html/wp-content/themes/orin/content.php:20
Stack trace:
#0 /var/www/html/wp-includes/template.php(772): require()
#1 /var/www/html/wp-includes/template.php(716): load_template('/var/www/html/w...', false, Array)
#2 /var/www/html/wp-includes/general-template.php(204): locate_template(Array, true, false, Array)
#3 /var/www/html/wp-content/themes/orin/page-home.php(25): get_template_part('content')
#4 /var/www/html/wp-includes/template-loader.php(106): include('/var/www/html/w...')
#5 /var/www/html/wp-blog-header.php(19): require_once('/var/www/html/w...')
#6 /var/www/html/index.php(17): require('/var/www/html/w...')
#7 {main}
  thrown in /var/www/html/wp-content/themes/orin/content.php on line 20

2022-09-06T08:17:48+00:00 CRITICAL Uncaught Error: Call to undefined function display_thumbnail() in /var/www/html/wp-content/themes/orin/content.php:20
Stack trace:
#0 /var/www/html/wp-includes/template.php(772): require()
#1 /var/www/html/wp-includes/template.php(716): load_template('/var/www/html/w...', false, Array)
#2 /var/www/html/wp-includes/general-template.php(204): locate_template(Array, true, false, Array)
#3 /var/www/html/wp-content/themes/orin/page-home.php(25): get_template_part('content')
#4 /var/www/html/wp-includes/template-loader.php(106): include('/var/www/html/w...')
#5 /var/www/html/wp-blog-header.php(19): require_once('/var/www/html/w...')
#6 /var/www/html/index.php(17): require('/var/www/html/w...')
#7 {main}
  thrown in /var/www/html/wp-content/themes/orin/content.php on line 20

2022-09-06T08:17:49+00:00 CRITICAL Uncaught Error: Call to undefined function display_thumbnail() in /var/www/html/wp-content/themes/orin/content.php:20
Stack trace:
#0 /var/www/html/wp-includes/template.php(772): require()
#1 /var/www/html/wp-includes/template.php(716): load_template('/var/www/html/w...', false, Array)
#2 /var/www/html/wp-includes/general-template.php(204): locate_template(Array, true, false, Array)
#3 /var/www/html/wp-content/themes/orin/page.php(4): get_template_part('content', '')
#4 /var/www/html/wp-includes/template-loader.php(106): include('/var/www/html/w...')
#5 /var/www/html/wp-blog-header.php(19): require_once('/var/www/html/w...')
#6 /var/www/html/index.php(17): require('/var/www/html/w...')
#7 {main}
  thrown in /var/www/html/wp-content/themes/orin/content.php on line 20

2022-09-06T08:17:52+00:00 CRITICAL Uncaught Error: Call to undefined function display_thumbnail() in /var/www/html/wp-content/themes/orin/content.php:20
Stack trace:
#0 /var/www/html/wp-includes/template.php(772): require()
#1 /var/www/html/wp-includes/template.php(716): load_template('/var/www/html/w...', false, Array)
#2 /var/www/html/wp-includes/general-template.php(204): locate_template(Array, true, false, Array)
#3 /var/www/html/wp-content/themes/orin/page.php(4): get_template_part('content', '')
#4 /var/www/html/wp-includes/template-loader.php(106): include('/var/www/html/w...')
#5 /var/www/html/wp-blog-header.php(19): require_once('/var/www/html/w...')
#6 /var/www/html/index.php(17): require('/var/www/html/w...')
#7 {main}
  thrown in /var/www/html/wp-content/themes/orin/content.php on line 20

2022-09-06T08:17:54+00:00 CRITICAL Uncaught Error: Call to undefined function display_thumbnail() in /var/www/html/wp-content/themes/orin/content.php:20
Stack trace:
#0 /var/www/html/wp-includes/template.php(772): require()
#1 /var/www/html/wp-includes/template.php(716): load_template('/var/www/html/w...', false, Array)
#2 /var/www/html/wp-includes/general-template.php(204): locate_template(Array, true, false, Array)
#3 /var/www/html/wp-content/themes/orin/page.php(4): get_template_part('content', '')
#4 /var/www/html/wp-includes/template-loader.php(106): include('/var/www/html/w...')
#5 /var/www/html/wp-blog-header.php(19): require_once('/var/www/html/w...')
#6 /var/www/html/index.php(17): require('/var/www/html/w...')
#7 {main}
  thrown in /var/www/html/wp-content/themes/orin/content.php on line 20

2022-09-06T08:17:55+00:00 CRITICAL Uncaught Error: Call to undefined function display_thumbnail() in /var/www/html/wp-content/themes/orin/content.php:20
Stack trace:
#0 /var/www/html/wp-includes/template.php(772): require()
#1 /var/www/html/wp-includes/template.php(716): load_template('/var/www/html/w...', false, Array)
#2 /var/www/html/wp-includes/general-template.php(204): locate_template(Array, true, false, Array)
#3 /var/www/html/wp-content/themes/orin/page.php(4): get_template_part('content', '')
#4 /var/www/html/wp-includes/template-loader.php(106): include('/var/www/html/w...')
#5 /var/www/html/wp-blog-header.php(19): require_once('/var/www/html/w...')
#6 /var/www/html/index.php(17): require('/var/www/html/w...')
#7 {main}
  thrown in /var/www/html/wp-content/themes/orin/content.php on line 20

2022-09-06T08:17:56+00:00 CRITICAL Uncaught Error: Call to undefined function display_thumbnail() in /var/www/html/wp-content/themes/orin/content.php:20
Stack trace:
#0 /var/www/html/wp-includes/template.php(772): require()
#1 /var/www/html/wp-includes/template.php(716): load_template('/var/www/html/w...', false, Array)
#2 /var/www/html/wp-includes/general-template.php(204): locate_template(Array, true, false, Array)
#3 /var/www/html/wp-content/themes/orin/page.php(4): get_template_part('content', '')
#4 /var/www/html/wp-includes/template-loader.php(106): include('/var/www/html/w...')
#5 /var/www/html/wp-blog-header.php(19): require_once('/var/www/html/w...')
#6 /var/www/html/index.php(17): require('/var/www/html/w...')
#7 {main}
  thrown in /var/www/html/wp-content/themes/orin/content.php on line 20

2022-09-06T08:17:58+00:00 CRITICAL Uncaught Error: Call to undefined function display_thumbnail() in /var/www/html/wp-content/themes/orin/content.php:20
Stack trace:
#0 /var/www/html/wp-includes/template.php(772): require()
#1 /var/www/html/wp-includes/template.php(716): load_template('/var/www/html/w...', false, Array)
#2 /var/www/html/wp-includes/general-template.php(204): locate_template(Array, true, false, Array)
#3 /var/www/html/wp-content/themes/orin/page.php(4): get_template_part('content', '')
#4 /var/www/html/wp-includes/template-loader.php(106): include('/var/www/html/w...')
#5 /var/www/html/wp-blog-header.php(19): require_once('/var/www/html/w...')
#6 /var/www/html/index.php(17): require('/var/www/html/w...')
#7 {main}
  thrown in /var/www/html/wp-content/themes/orin/content.php on line 20

2022-09-06T08:17:59+00:00 CRITICAL Uncaught Error: Call to undefined function display_thumbnail() in /var/www/html/wp-content/themes/orin/content.php:20
Stack trace:
#0 /var/www/html/wp-includes/template.php(772): require()
#1 /var/www/html/wp-includes/template.php(716): load_template('/var/www/html/w...', false, Array)
#2 /var/www/html/wp-includes/general-template.php(204): locate_template(Array, true, false, Array)
#3 /var/www/html/wp-content/themes/orin/page-home.php(25): get_template_part('content')
#4 /var/www/html/wp-includes/template-loader.php(106): include('/var/www/html/w...')
#5 /var/www/html/wp-blog-header.php(19): require_once('/var/www/html/w...')
#6 /var/www/html/index.php(17): require('/var/www/html/w...')
#7 {main}
  thrown in /var/www/html/wp-content/themes/orin/content.php on line 20

2022-09-06T08:18:02+00:00 CRITICAL Uncaught Error: Call to undefined function display_thumbnail() in /var/www/html/wp-content/themes/orin/content.php:20
Stack trace:
#0 /var/www/html/wp-includes/template.php(772): require()
#1 /var/www/html/wp-includes/template.php(716): load_template('/var/www/html/w...', false, Array)
#2 /var/www/html/wp-includes/general-template.php(204): locate_template(Array, true, false, Array)
#3 /var/www/html/wp-content/themes/orin/page.php(4): get_template_part('content', '')
#4 /var/www/html/wp-includes/template-loader.php(106): include('/var/www/html/w...')
#5 /var/www/html/wp-blog-header.php(19): require_once('/var/www/html/w...')
#6 /var/www/html/index.php(17): require('/var/www/html/w...')
#7 {main}
  thrown in /var/www/html/wp-content/themes/orin/content.php on line 20

2022-09-06T08:18:04+00:00 CRITICAL Uncaught Error: Call to undefined function display_thumbnail() in /var/www/html/wp-content/themes/orin/content.php:20
Stack trace:
#0 /var/www/html/wp-includes/template.php(772): require()
#1 /var/www/html/wp-includes/template.php(716): load_template('/var/www/html/w...', false, Array)
#2 /var/www/html/wp-includes/general-template.php(204): locate_template(Array, true, false, Array)
#3 /var/www/html/wp-content/themes/orin/page-home.php(25): get_template_part('content')
#4 /var/www/html/wp-includes/template-loader.php(106): include('/var/www/html/w...')
#5 /var/www/html/wp-blog-header.php(19): require_once('/var/www/html/w...')
#6 /var/www/html/index.php(17): require('/var/www/html/w...')
#7 {main}
  thrown in /var/www/html/wp-content/themes/orin/content.php on line 20

2022-09-06T08:18:05+00:00 CRITICAL Uncaught Error: Call to undefined function display_thumbnail() in /var/www/html/wp-content/themes/orin/content.php:20
Stack trace:
#0 /var/www/html/wp-includes/template.php(772): require()
#1 /var/www/html/wp-includes/template.php(716): load_template('/var/www/html/w...', false, Array)
#2 /var/www/html/wp-includes/general-template.php(204): locate_template(Array, true, false, Array)
#3 /var/www/html/wp-content/themes/orin/page-home.php(25): get_template_part('content')
#4 /var/www/html/wp-includes/template-loader.php(106): include('/var/www/html/w...')
#5 /var/www/html/wp-blog-header.php(19): require_once('/var/www/html/w...')
#6 /var/www/html/index.php(17): require('/var/www/html/w...')
#7 {main}
  thrown in /var/www/html/wp-content/themes/orin/content.php on line 20

