2022-09-07T03:06:45+00:00 CRITICAL Uncaught Error: Call to undefined function display_thumbnail() in /var/www/html/wp-content/themes/orin/page-product.php:17
Stack trace:
#0 /var/www/html/wp-includes/template.php(772): require()
#1 /var/www/html/wp-includes/template.php(716): load_template('/var/www/html/w...', false, Array)
#2 /var/www/html/wp-includes/general-template.php(204): locate_template(Array, true, false, Array)
#3 /var/www/html/wp-content/themes/orin/page-home.php(38): get_template_part('page-product', 'none')
#4 /var/www/html/wp-includes/template-loader.php(106): include('/var/www/html/w...')
#5 /var/www/html/wp-blog-header.php(19): require_once('/var/www/html/w...')
#6 /var/www/html/index.php(17): require('/var/www/html/w...')
#7 {main}
  thrown in /var/www/html/wp-content/themes/orin/page-product.php on line 17

2022-09-07T03:06:49+00:00 CRITICAL Uncaught Error: Call to undefined function display_thumbnail() in /var/www/html/wp-content/themes/orin/page-product.php:17
Stack trace:
#0 /var/www/html/wp-includes/template.php(772): require()
#1 /var/www/html/wp-includes/template.php(716): load_template('/var/www/html/w...', false, Array)
#2 /var/www/html/wp-includes/general-template.php(204): locate_template(Array, true, false, Array)
#3 /var/www/html/wp-content/themes/orin/page-home.php(38): get_template_part('page-product', 'none')
#4 /var/www/html/wp-includes/template-loader.php(106): include('/var/www/html/w...')
#5 /var/www/html/wp-blog-header.php(19): require_once('/var/www/html/w...')
#6 /var/www/html/index.php(17): require('/var/www/html/w...')
#7 {main}
  thrown in /var/www/html/wp-content/themes/orin/page-product.php on line 17

2022-09-07T03:08:52+00:00 CRITICAL Uncaught Error: Call to undefined function display_thumbnail() in /var/www/html/wp-content/themes/orin/page-product.php:17
Stack trace:
#0 /var/www/html/wp-includes/template.php(772): require()
#1 /var/www/html/wp-includes/template.php(716): load_template('/var/www/html/w...', false, Array)
#2 /var/www/html/wp-includes/general-template.php(204): locate_template(Array, true, false, Array)
#3 /var/www/html/wp-content/themes/orin/page-home.php(38): get_template_part('page-product', 'none')
#4 /var/www/html/wp-includes/template-loader.php(106): include('/var/www/html/w...')
#5 /var/www/html/wp-blog-header.php(19): require_once('/var/www/html/w...')
#6 /var/www/html/index.php(17): require('/var/www/html/w...')
#7 {main}
  thrown in /var/www/html/wp-content/themes/orin/page-product.php on line 17

2022-09-07T03:08:55+00:00 CRITICAL Uncaught Error: Call to undefined function display_thumbnail() in /var/www/html/wp-content/themes/orin/page-product.php:17
Stack trace:
#0 /var/www/html/wp-includes/template.php(772): require()
#1 /var/www/html/wp-includes/template.php(716): load_template('/var/www/html/w...', false, Array)
#2 /var/www/html/wp-includes/general-template.php(204): locate_template(Array, true, false, Array)
#3 /var/www/html/wp-content/themes/orin/page-home.php(38): get_template_part('page-product', 'none')
#4 /var/www/html/wp-includes/template-loader.php(106): include('/var/www/html/w...')
#5 /var/www/html/wp-blog-header.php(19): require_once('/var/www/html/w...')
#6 /var/www/html/index.php(17): require('/var/www/html/w...')
#7 {main}
  thrown in /var/www/html/wp-content/themes/orin/page-product.php on line 17

2022-09-07T03:08:57+00:00 CRITICAL Uncaught Error: Call to undefined function display_thumbnail() in /var/www/html/wp-content/themes/orin/page-product.php:17
Stack trace:
#0 /var/www/html/wp-includes/template.php(772): require()
#1 /var/www/html/wp-includes/template.php(716): load_template('/var/www/html/w...', false, Array)
#2 /var/www/html/wp-includes/general-template.php(204): locate_template(Array, true, false, Array)
#3 /var/www/html/wp-content/themes/orin/page-home.php(38): get_template_part('page-product', 'none')
#4 /var/www/html/wp-includes/template-loader.php(106): include('/var/www/html/w...')
#5 /var/www/html/wp-blog-header.php(19): require_once('/var/www/html/w...')
#6 /var/www/html/index.php(17): require('/var/www/html/w...')
#7 {main}
  thrown in /var/www/html/wp-content/themes/orin/page-product.php on line 17

2022-09-07T03:09:27+00:00 CRITICAL Uncaught Error: Call to undefined function display_thumbnail() in /var/www/html/wp-content/themes/orin/page-product.php:17
Stack trace:
#0 /var/www/html/wp-includes/template.php(772): require()
#1 /var/www/html/wp-includes/template.php(716): load_template('/var/www/html/w...', false, Array)
#2 /var/www/html/wp-includes/general-template.php(204): locate_template(Array, true, false, Array)
#3 /var/www/html/wp-content/themes/orin/page-home.php(38): get_template_part('page-product', 'none')
#4 /var/www/html/wp-includes/template-loader.php(106): include('/var/www/html/w...')
#5 /var/www/html/wp-blog-header.php(19): require_once('/var/www/html/w...')
#6 /var/www/html/index.php(17): require('/var/www/html/w...')
#7 {main}
  thrown in /var/www/html/wp-content/themes/orin/page-product.php on line 17

2022-09-07T03:09:28+00:00 CRITICAL Uncaught Error: Call to undefined function display_thumbnail() in /var/www/html/wp-content/themes/orin/page-product.php:17
Stack trace:
#0 /var/www/html/wp-includes/template.php(772): require()
#1 /var/www/html/wp-includes/template.php(716): load_template('/var/www/html/w...', false, Array)
#2 /var/www/html/wp-includes/general-template.php(204): locate_template(Array, true, false, Array)
#3 /var/www/html/wp-content/themes/orin/page-home.php(38): get_template_part('page-product', 'none')
#4 /var/www/html/wp-includes/template-loader.php(106): include('/var/www/html/w...')
#5 /var/www/html/wp-blog-header.php(19): require_once('/var/www/html/w...')
#6 /var/www/html/index.php(17): require('/var/www/html/w...')
#7 {main}
  thrown in /var/www/html/wp-content/themes/orin/page-product.php on line 17

2022-09-07T03:09:52+00:00 CRITICAL Uncaught Error: Call to undefined function display_thumbnail() in /var/www/html/wp-content/themes/orin/page-product.php:17
Stack trace:
#0 /var/www/html/wp-includes/template.php(772): require()
#1 /var/www/html/wp-includes/template.php(716): load_template('/var/www/html/w...', false, Array)
#2 /var/www/html/wp-includes/general-template.php(204): locate_template(Array, true, false, Array)
#3 /var/www/html/wp-content/themes/orin/page-home.php(38): get_template_part('page-product')
#4 /var/www/html/wp-includes/template-loader.php(106): include('/var/www/html/w...')
#5 /var/www/html/wp-blog-header.php(19): require_once('/var/www/html/w...')
#6 /var/www/html/index.php(17): require('/var/www/html/w...')
#7 {main}
  thrown in /var/www/html/wp-content/themes/orin/page-product.php on line 17

2022-09-07T04:09:08+00:00 CRITICAL Uncaught Error: Call to a member function is_main_query() on string in /var/www/html/wp-content/plugins/woocommerce/includes/class-wc-query.php:297
Stack trace:
#0 /var/www/html/wp-includes/class-wp-hook.php(307): WC_Query->pre_get_posts('')
#1 /var/www/html/wp-includes/class-wp-hook.php(331): WP_Hook->apply_filters('', Array)
#2 /var/www/html/wp-includes/plugin.php(476): WP_Hook->do_action(Array)
#3 /var/www/html/wp-content/themes/orin/product-post.php(16): do_action('pre_get_posts')
#4 /var/www/html/wp-includes/template.php(772): require('/var/www/html/w...')
#5 /var/www/html/wp-includes/template.php(716): load_template('/var/www/html/w...', false, Array)
#6 /var/www/html/wp-includes/general-template.php(204): locate_template(Array, true, false, Array)
#7 /var/www/html/wp-content/themes/orin/page-home.php(27): get_template_part('product-post')
#8 /var/www/html/wp-includes/template-loader.php(106): include('/var/www/html/w...')
#9 /var/www/html/wp-blog-header.php(19): require_once('/var/www/html/w...')
#10 / in /var/www/html/wp-content/plugins/woocommerce/includes/class-wc-query.php on line 297

2022-09-07T04:09:13+00:00 CRITICAL Uncaught Error: Call to a member function is_main_query() on string in /var/www/html/wp-content/plugins/woocommerce/includes/class-wc-query.php:297
Stack trace:
#0 /var/www/html/wp-includes/class-wp-hook.php(307): WC_Query->pre_get_posts('')
#1 /var/www/html/wp-includes/class-wp-hook.php(331): WP_Hook->apply_filters('', Array)
#2 /var/www/html/wp-includes/plugin.php(476): WP_Hook->do_action(Array)
#3 /var/www/html/wp-content/themes/orin/product-post.php(16): do_action('pre_get_posts')
#4 /var/www/html/wp-includes/template.php(772): require('/var/www/html/w...')
#5 /var/www/html/wp-includes/template.php(716): load_template('/var/www/html/w...', false, Array)
#6 /var/www/html/wp-includes/general-template.php(204): locate_template(Array, true, false, Array)
#7 /var/www/html/wp-content/themes/orin/page-home.php(27): get_template_part('product-post')
#8 /var/www/html/wp-includes/template-loader.php(106): include('/var/www/html/w...')
#9 /var/www/html/wp-blog-header.php(19): require_once('/var/www/html/w...')
#10 / in /var/www/html/wp-content/plugins/woocommerce/includes/class-wc-query.php on line 297

2022-09-07T04:09:14+00:00 CRITICAL Uncaught Error: Call to a member function is_main_query() on string in /var/www/html/wp-content/plugins/woocommerce/includes/class-wc-query.php:297
Stack trace:
#0 /var/www/html/wp-includes/class-wp-hook.php(307): WC_Query->pre_get_posts('')
#1 /var/www/html/wp-includes/class-wp-hook.php(331): WP_Hook->apply_filters('', Array)
#2 /var/www/html/wp-includes/plugin.php(476): WP_Hook->do_action(Array)
#3 /var/www/html/wp-content/themes/orin/product-post.php(16): do_action('pre_get_posts')
#4 /var/www/html/wp-includes/template.php(772): require('/var/www/html/w...')
#5 /var/www/html/wp-includes/template.php(716): load_template('/var/www/html/w...', false, Array)
#6 /var/www/html/wp-includes/general-template.php(204): locate_template(Array, true, false, Array)
#7 /var/www/html/wp-content/themes/orin/page-home.php(27): get_template_part('product-post')
#8 /var/www/html/wp-includes/template-loader.php(106): include('/var/www/html/w...')
#9 /var/www/html/wp-blog-header.php(19): require_once('/var/www/html/w...')
#10 / in /var/www/html/wp-content/plugins/woocommerce/includes/class-wc-query.php on line 297

2022-09-07T04:09:33+00:00 CRITICAL Uncaught Error: Call to a member function is_main_query() on string in /var/www/html/wp-content/plugins/woocommerce/includes/class-wc-query.php:297
Stack trace:
#0 /var/www/html/wp-includes/class-wp-hook.php(307): WC_Query->pre_get_posts('')
#1 /var/www/html/wp-includes/class-wp-hook.php(331): WP_Hook->apply_filters('', Array)
#2 /var/www/html/wp-includes/plugin.php(476): WP_Hook->do_action(Array)
#3 /var/www/html/wp-content/themes/orin/product-post.php(18): do_action('pre_get_posts')
#4 /var/www/html/wp-includes/template.php(772): require('/var/www/html/w...')
#5 /var/www/html/wp-includes/template.php(716): load_template('/var/www/html/w...', false, Array)
#6 /var/www/html/wp-includes/general-template.php(204): locate_template(Array, true, false, Array)
#7 /var/www/html/wp-content/themes/orin/page-home.php(27): get_template_part('product-post')
#8 /var/www/html/wp-includes/template-loader.php(106): include('/var/www/html/w...')
#9 /var/www/html/wp-blog-header.php(19): require_once('/var/www/html/w...')
#10 / in /var/www/html/wp-content/plugins/woocommerce/includes/class-wc-query.php on line 297

2022-09-07T04:09:34+00:00 CRITICAL Uncaught Error: Call to a member function is_main_query() on string in /var/www/html/wp-content/plugins/woocommerce/includes/class-wc-query.php:297
Stack trace:
#0 /var/www/html/wp-includes/class-wp-hook.php(307): WC_Query->pre_get_posts('')
#1 /var/www/html/wp-includes/class-wp-hook.php(331): WP_Hook->apply_filters('', Array)
#2 /var/www/html/wp-includes/plugin.php(476): WP_Hook->do_action(Array)
#3 /var/www/html/wp-content/themes/orin/product-post.php(18): do_action('pre_get_posts')
#4 /var/www/html/wp-includes/template.php(772): require('/var/www/html/w...')
#5 /var/www/html/wp-includes/template.php(716): load_template('/var/www/html/w...', false, Array)
#6 /var/www/html/wp-includes/general-template.php(204): locate_template(Array, true, false, Array)
#7 /var/www/html/wp-content/themes/orin/page-home.php(27): get_template_part('product-post')
#8 /var/www/html/wp-includes/template-loader.php(106): include('/var/www/html/w...')
#9 /var/www/html/wp-blog-header.php(19): require_once('/var/www/html/w...')
#10 / in /var/www/html/wp-content/plugins/woocommerce/includes/class-wc-query.php on line 297

2022-09-07T04:09:34+00:00 CRITICAL Uncaught Error: Call to a member function is_main_query() on string in /var/www/html/wp-content/plugins/woocommerce/includes/class-wc-query.php:297
Stack trace:
#0 /var/www/html/wp-includes/class-wp-hook.php(307): WC_Query->pre_get_posts('')
#1 /var/www/html/wp-includes/class-wp-hook.php(331): WP_Hook->apply_filters('', Array)
#2 /var/www/html/wp-includes/plugin.php(476): WP_Hook->do_action(Array)
#3 /var/www/html/wp-content/themes/orin/product-post.php(18): do_action('pre_get_posts')
#4 /var/www/html/wp-includes/template.php(772): require('/var/www/html/w...')
#5 /var/www/html/wp-includes/template.php(716): load_template('/var/www/html/w...', false, Array)
#6 /var/www/html/wp-includes/general-template.php(204): locate_template(Array, true, false, Array)
#7 /var/www/html/wp-content/themes/orin/page-home.php(27): get_template_part('product-post')
#8 /var/www/html/wp-includes/template-loader.php(106): include('/var/www/html/w...')
#9 /var/www/html/wp-blog-header.php(19): require_once('/var/www/html/w...')
#10 / in /var/www/html/wp-content/plugins/woocommerce/includes/class-wc-query.php on line 297

2022-09-07T04:09:40+00:00 CRITICAL Uncaught Error: Call to a member function is_main_query() on string in /var/www/html/wp-content/plugins/woocommerce/includes/class-wc-query.php:297
Stack trace:
#0 /var/www/html/wp-includes/class-wp-hook.php(307): WC_Query->pre_get_posts('')
#1 /var/www/html/wp-includes/class-wp-hook.php(331): WP_Hook->apply_filters('', Array)
#2 /var/www/html/wp-includes/plugin.php(476): WP_Hook->do_action(Array)
#3 /var/www/html/wp-content/themes/orin/product-post.php(18): do_action('pre_get_posts')
#4 /var/www/html/wp-includes/template.php(772): require('/var/www/html/w...')
#5 /var/www/html/wp-includes/template.php(716): load_template('/var/www/html/w...', false, Array)
#6 /var/www/html/wp-includes/general-template.php(204): locate_template(Array, true, false, Array)
#7 /var/www/html/wp-content/themes/orin/page-home.php(27): get_template_part('product-post')
#8 /var/www/html/wp-includes/template-loader.php(106): include('/var/www/html/w...')
#9 /var/www/html/wp-blog-header.php(19): require_once('/var/www/html/w...')
#10 / in /var/www/html/wp-content/plugins/woocommerce/includes/class-wc-query.php on line 297

2022-09-07T04:09:41+00:00 CRITICAL Uncaught Error: Call to a member function is_main_query() on string in /var/www/html/wp-content/plugins/woocommerce/includes/class-wc-query.php:297
Stack trace:
#0 /var/www/html/wp-includes/class-wp-hook.php(307): WC_Query->pre_get_posts('')
#1 /var/www/html/wp-includes/class-wp-hook.php(331): WP_Hook->apply_filters('', Array)
#2 /var/www/html/wp-includes/plugin.php(476): WP_Hook->do_action(Array)
#3 /var/www/html/wp-content/themes/orin/product-post.php(18): do_action('pre_get_posts')
#4 /var/www/html/wp-includes/template.php(772): require('/var/www/html/w...')
#5 /var/www/html/wp-includes/template.php(716): load_template('/var/www/html/w...', false, Array)
#6 /var/www/html/wp-includes/general-template.php(204): locate_template(Array, true, false, Array)
#7 /var/www/html/wp-content/themes/orin/page-home.php(27): get_template_part('product-post')
#8 /var/www/html/wp-includes/template-loader.php(106): include('/var/www/html/w...')
#9 /var/www/html/wp-blog-header.php(19): require_once('/var/www/html/w...')
#10 / in /var/www/html/wp-content/plugins/woocommerce/includes/class-wc-query.php on line 297

2022-09-07T04:09:42+00:00 CRITICAL Uncaught Error: Call to a member function is_main_query() on string in /var/www/html/wp-content/plugins/woocommerce/includes/class-wc-query.php:297
Stack trace:
#0 /var/www/html/wp-includes/class-wp-hook.php(307): WC_Query->pre_get_posts('')
#1 /var/www/html/wp-includes/class-wp-hook.php(331): WP_Hook->apply_filters('', Array)
#2 /var/www/html/wp-includes/plugin.php(476): WP_Hook->do_action(Array)
#3 /var/www/html/wp-content/themes/orin/product-post.php(18): do_action('pre_get_posts')
#4 /var/www/html/wp-includes/template.php(772): require('/var/www/html/w...')
#5 /var/www/html/wp-includes/template.php(716): load_template('/var/www/html/w...', false, Array)
#6 /var/www/html/wp-includes/general-template.php(204): locate_template(Array, true, false, Array)
#7 /var/www/html/wp-content/themes/orin/page-home.php(27): get_template_part('product-post')
#8 /var/www/html/wp-includes/template-loader.php(106): include('/var/www/html/w...')
#9 /var/www/html/wp-blog-header.php(19): require_once('/var/www/html/w...')
#10 / in /var/www/html/wp-content/plugins/woocommerce/includes/class-wc-query.php on line 297

2022-09-07T04:09:42+00:00 CRITICAL Uncaught Error: Call to a member function is_main_query() on string in /var/www/html/wp-content/plugins/woocommerce/includes/class-wc-query.php:297
Stack trace:
#0 /var/www/html/wp-includes/class-wp-hook.php(307): WC_Query->pre_get_posts('')
#1 /var/www/html/wp-includes/class-wp-hook.php(331): WP_Hook->apply_filters('', Array)
#2 /var/www/html/wp-includes/plugin.php(476): WP_Hook->do_action(Array)
#3 /var/www/html/wp-content/themes/orin/product-post.php(18): do_action('pre_get_posts')
#4 /var/www/html/wp-includes/template.php(772): require('/var/www/html/w...')
#5 /var/www/html/wp-includes/template.php(716): load_template('/var/www/html/w...', false, Array)
#6 /var/www/html/wp-includes/general-template.php(204): locate_template(Array, true, false, Array)
#7 /var/www/html/wp-content/themes/orin/page-home.php(27): get_template_part('product-post')
#8 /var/www/html/wp-includes/template-loader.php(106): include('/var/www/html/w...')
#9 /var/www/html/wp-blog-header.php(19): require_once('/var/www/html/w...')
#10 / in /var/www/html/wp-content/plugins/woocommerce/includes/class-wc-query.php on line 297

2022-09-07T04:09:43+00:00 CRITICAL Uncaught Error: Call to a member function is_main_query() on string in /var/www/html/wp-content/plugins/woocommerce/includes/class-wc-query.php:297
Stack trace:
#0 /var/www/html/wp-includes/class-wp-hook.php(307): WC_Query->pre_get_posts('')
#1 /var/www/html/wp-includes/class-wp-hook.php(331): WP_Hook->apply_filters('', Array)
#2 /var/www/html/wp-includes/plugin.php(476): WP_Hook->do_action(Array)
#3 /var/www/html/wp-content/themes/orin/product-post.php(18): do_action('pre_get_posts')
#4 /var/www/html/wp-includes/template.php(772): require('/var/www/html/w...')
#5 /var/www/html/wp-includes/template.php(716): load_template('/var/www/html/w...', false, Array)
#6 /var/www/html/wp-includes/general-template.php(204): locate_template(Array, true, false, Array)
#7 /var/www/html/wp-content/themes/orin/page-home.php(27): get_template_part('product-post')
#8 /var/www/html/wp-includes/template-loader.php(106): include('/var/www/html/w...')
#9 /var/www/html/wp-blog-header.php(19): require_once('/var/www/html/w...')
#10 / in /var/www/html/wp-content/plugins/woocommerce/includes/class-wc-query.php on line 297

2022-09-07T04:24:51+00:00 CRITICAL Uncaught Error: Call to undefined function apply_filfters() in /var/www/html/wp-content/themes/orin/footer.php:44
Stack trace:
#0 /var/www/html/wp-includes/template.php(770): require_once()
#1 /var/www/html/wp-includes/template.php(716): load_template('/var/www/html/w...', true, Array)
#2 /var/www/html/wp-includes/general-template.php(92): locate_template(Array, true, true, Array)
#3 /var/www/html/wp-content/themes/orin/single.php(13): get_footer()
#4 /var/www/html/wp-includes/template-loader.php(106): include('/var/www/html/w...')
#5 /var/www/html/wp-blog-header.php(19): require_once('/var/www/html/w...')
#6 /var/www/html/index.php(17): require('/var/www/html/w...')
#7 {main}
  thrown in /var/www/html/wp-content/themes/orin/footer.php on line 44

2022-09-07T04:24:52+00:00 CRITICAL Uncaught Error: Call to undefined function apply_filfters() in /var/www/html/wp-content/themes/orin/footer.php:44
Stack trace:
#0 /var/www/html/wp-includes/template.php(770): require_once()
#1 /var/www/html/wp-includes/template.php(716): load_template('/var/www/html/w...', true, Array)
#2 /var/www/html/wp-includes/general-template.php(92): locate_template(Array, true, true, Array)
#3 /var/www/html/wp-content/themes/orin/page-home.php(39): get_footer()
#4 /var/www/html/wp-includes/template-loader.php(106): include('/var/www/html/w...')
#5 /var/www/html/wp-blog-header.php(19): require_once('/var/www/html/w...')
#6 /var/www/html/index.php(17): require('/var/www/html/w...')
#7 {main}
  thrown in /var/www/html/wp-content/themes/orin/footer.php on line 44

2022-09-07T04:24:59+00:00 CRITICAL Uncaught Error: Call to undefined function apply_filfters() in /var/www/html/wp-content/themes/orin/footer.php:44
Stack trace:
#0 /var/www/html/wp-includes/template.php(770): require_once()
#1 /var/www/html/wp-includes/template.php(716): load_template('/var/www/html/w...', true, Array)
#2 /var/www/html/wp-includes/general-template.php(92): locate_template(Array, true, true, Array)
#3 /var/www/html/wp-content/themes/orin/page-home.php(39): get_footer()
#4 /var/www/html/wp-includes/template-loader.php(106): include('/var/www/html/w...')
#5 /var/www/html/wp-blog-header.php(19): require_once('/var/www/html/w...')
#6 /var/www/html/index.php(17): require('/var/www/html/w...')
#7 {main}
  thrown in /var/www/html/wp-content/themes/orin/footer.php on line 44

2022-09-07T04:25:00+00:00 CRITICAL Uncaught Error: Call to undefined function apply_filfters() in /var/www/html/wp-content/themes/orin/footer.php:44
Stack trace:
#0 /var/www/html/wp-includes/template.php(770): require_once()
#1 /var/www/html/wp-includes/template.php(716): load_template('/var/www/html/w...', true, Array)
#2 /var/www/html/wp-includes/general-template.php(92): locate_template(Array, true, true, Array)
#3 /var/www/html/wp-content/themes/orin/page-home.php(39): get_footer()
#4 /var/www/html/wp-includes/template-loader.php(106): include('/var/www/html/w...')
#5 /var/www/html/wp-blog-header.php(19): require_once('/var/www/html/w...')
#6 /var/www/html/index.php(17): require('/var/www/html/w...')
#7 {main}
  thrown in /var/www/html/wp-content/themes/orin/footer.php on line 44

2022-09-07T06:36:15+00:00 CRITICAL Uncaught Error: Call to undefined function teaser() in /var/www/html/wp-content/themes/orin/sidebar.php:42
Stack trace:
#0 /var/www/html/wp-includes/template.php(770): require_once()
#1 /var/www/html/wp-includes/template.php(716): load_template('/var/www/html/w...', true, Array)
#2 /var/www/html/wp-includes/general-template.php(136): locate_template(Array, true, true, Array)
#3 /var/www/html/wp-content/themes/orin/single.php(12): get_sidebar()
#4 /var/www/html/wp-includes/template-loader.php(106): include('/var/www/html/w...')
#5 /var/www/html/wp-blog-header.php(19): require_once('/var/www/html/w...')
#6 /var/www/html/index.php(17): require('/var/www/html/w...')
#7 {main}
  thrown in /var/www/html/wp-content/themes/orin/sidebar.php on line 42

2022-09-07T06:37:09+00:00 CRITICAL Uncaught Error: Call to undefined function teaser() in /var/www/html/wp-content/themes/orin/sidebar.php:42
Stack trace:
#0 /var/www/html/wp-includes/template.php(770): require_once()
#1 /var/www/html/wp-includes/template.php(716): load_template('/var/www/html/w...', true, Array)
#2 /var/www/html/wp-includes/general-template.php(136): locate_template(Array, true, true, Array)
#3 /var/www/html/wp-content/themes/orin/page-home.php(37): get_sidebar()
#4 /var/www/html/wp-includes/template-loader.php(106): include('/var/www/html/w...')
#5 /var/www/html/wp-blog-header.php(19): require_once('/var/www/html/w...')
#6 /var/www/html/index.php(17): require('/var/www/html/w...')
#7 {main}
  thrown in /var/www/html/wp-content/themes/orin/sidebar.php on line 42

2022-09-07T06:37:16+00:00 CRITICAL Uncaught Error: Call to undefined function teaser() in /var/www/html/wp-content/themes/orin/sidebar.php:42
Stack trace:
#0 /var/www/html/wp-includes/template.php(770): require_once()
#1 /var/www/html/wp-includes/template.php(716): load_template('/var/www/html/w...', true, Array)
#2 /var/www/html/wp-includes/general-template.php(136): locate_template(Array, true, true, Array)
#3 /var/www/html/wp-content/themes/orin/page-home.php(37): get_sidebar()
#4 /var/www/html/wp-includes/template-loader.php(106): include('/var/www/html/w...')
#5 /var/www/html/wp-blog-header.php(19): require_once('/var/www/html/w...')
#6 /var/www/html/index.php(17): require('/var/www/html/w...')
#7 {main}
  thrown in /var/www/html/wp-content/themes/orin/sidebar.php on line 42

2022-09-07T06:37:16+00:00 CRITICAL Uncaught Error: Call to undefined function teaser() in /var/www/html/wp-content/themes/orin/sidebar.php:42
Stack trace:
#0 /var/www/html/wp-includes/template.php(770): require_once()
#1 /var/www/html/wp-includes/template.php(716): load_template('/var/www/html/w...', true, Array)
#2 /var/www/html/wp-includes/general-template.php(136): locate_template(Array, true, true, Array)
#3 /var/www/html/wp-content/themes/orin/page-home.php(37): get_sidebar()
#4 /var/www/html/wp-includes/template-loader.php(106): include('/var/www/html/w...')
#5 /var/www/html/wp-blog-header.php(19): require_once('/var/www/html/w...')
#6 /var/www/html/index.php(17): require('/var/www/html/w...')
#7 {main}
  thrown in /var/www/html/wp-content/themes/orin/sidebar.php on line 42

2022-09-07T06:38:08+00:00 CRITICAL Uncaught Error: Call to undefined function teaser() in /var/www/html/wp-content/themes/orin/sidebar.php:42
Stack trace:
#0 /var/www/html/wp-includes/template.php(770): require_once()
#1 /var/www/html/wp-includes/template.php(716): load_template('/var/www/html/w...', true, Array)
#2 /var/www/html/wp-includes/general-template.php(136): locate_template(Array, true, true, Array)
#3 /var/www/html/wp-content/themes/orin/page-home.php(37): get_sidebar()
#4 /var/www/html/wp-includes/template-loader.php(106): include('/var/www/html/w...')
#5 /var/www/html/wp-blog-header.php(19): require_once('/var/www/html/w...')
#6 /var/www/html/index.php(17): require('/var/www/html/w...')
#7 {main}
  thrown in /var/www/html/wp-content/themes/orin/sidebar.php on line 42

2022-09-07T06:38:13+00:00 CRITICAL Uncaught Error: Call to undefined function teaser() in /var/www/html/wp-content/themes/orin/sidebar.php:42
Stack trace:
#0 /var/www/html/wp-includes/template.php(770): require_once()
#1 /var/www/html/wp-includes/template.php(716): load_template('/var/www/html/w...', true, Array)
#2 /var/www/html/wp-includes/general-template.php(136): locate_template(Array, true, true, Array)
#3 /var/www/html/wp-content/themes/orin/page-home.php(37): get_sidebar()
#4 /var/www/html/wp-includes/template-loader.php(106): include('/var/www/html/w...')
#5 /var/www/html/wp-blog-header.php(19): require_once('/var/www/html/w...')
#6 /var/www/html/index.php(17): require('/var/www/html/w...')
#7 {main}
  thrown in /var/www/html/wp-content/themes/orin/sidebar.php on line 42

2022-09-07T06:38:15+00:00 CRITICAL Uncaught Error: Call to undefined function teaser() in /var/www/html/wp-content/themes/orin/sidebar.php:42
Stack trace:
#0 /var/www/html/wp-includes/template.php(770): require_once()
#1 /var/www/html/wp-includes/template.php(716): load_template('/var/www/html/w...', true, Array)
#2 /var/www/html/wp-includes/general-template.php(136): locate_template(Array, true, true, Array)
#3 /var/www/html/wp-content/themes/orin/page-home.php(37): get_sidebar()
#4 /var/www/html/wp-includes/template-loader.php(106): include('/var/www/html/w...')
#5 /var/www/html/wp-blog-header.php(19): require_once('/var/www/html/w...')
#6 /var/www/html/index.php(17): require('/var/www/html/w...')
#7 {main}
  thrown in /var/www/html/wp-content/themes/orin/sidebar.php on line 42

2022-09-07T06:38:16+00:00 CRITICAL Uncaught Error: Call to undefined function teaser() in /var/www/html/wp-content/themes/orin/sidebar.php:42
Stack trace:
#0 /var/www/html/wp-includes/template.php(770): require_once()
#1 /var/www/html/wp-includes/template.php(716): load_template('/var/www/html/w...', true, Array)
#2 /var/www/html/wp-includes/general-template.php(136): locate_template(Array, true, true, Array)
#3 /var/www/html/wp-content/themes/orin/page-home.php(37): get_sidebar()
#4 /var/www/html/wp-includes/template-loader.php(106): include('/var/www/html/w...')
#5 /var/www/html/wp-blog-header.php(19): require_once('/var/www/html/w...')
#6 /var/www/html/index.php(17): require('/var/www/html/w...')
#7 {main}
  thrown in /var/www/html/wp-content/themes/orin/sidebar.php on line 42

2022-09-07T06:38:17+00:00 CRITICAL Uncaught Error: Call to undefined function teaser() in /var/www/html/wp-content/themes/orin/sidebar.php:42
Stack trace:
#0 /var/www/html/wp-includes/template.php(770): require_once()
#1 /var/www/html/wp-includes/template.php(716): load_template('/var/www/html/w...', true, Array)
#2 /var/www/html/wp-includes/general-template.php(136): locate_template(Array, true, true, Array)
#3 /var/www/html/wp-content/themes/orin/page-home.php(37): get_sidebar()
#4 /var/www/html/wp-includes/template-loader.php(106): include('/var/www/html/w...')
#5 /var/www/html/wp-blog-header.php(19): require_once('/var/www/html/w...')
#6 /var/www/html/index.php(17): require('/var/www/html/w...')
#7 {main}
  thrown in /var/www/html/wp-content/themes/orin/sidebar.php on line 42

2022-09-07T06:38:17+00:00 CRITICAL Uncaught Error: Call to undefined function teaser() in /var/www/html/wp-content/themes/orin/sidebar.php:42
Stack trace:
#0 /var/www/html/wp-includes/template.php(770): require_once()
#1 /var/www/html/wp-includes/template.php(716): load_template('/var/www/html/w...', true, Array)
#2 /var/www/html/wp-includes/general-template.php(136): locate_template(Array, true, true, Array)
#3 /var/www/html/wp-content/themes/orin/page-home.php(37): get_sidebar()
#4 /var/www/html/wp-includes/template-loader.php(106): include('/var/www/html/w...')
#5 /var/www/html/wp-blog-header.php(19): require_once('/var/www/html/w...')
#6 /var/www/html/index.php(17): require('/var/www/html/w...')
#7 {main}
  thrown in /var/www/html/wp-content/themes/orin/sidebar.php on line 42

2022-09-07T06:38:18+00:00 CRITICAL Uncaught Error: Call to undefined function teaser() in /var/www/html/wp-content/themes/orin/sidebar.php:42
Stack trace:
#0 /var/www/html/wp-includes/template.php(770): require_once()
#1 /var/www/html/wp-includes/template.php(716): load_template('/var/www/html/w...', true, Array)
#2 /var/www/html/wp-includes/general-template.php(136): locate_template(Array, true, true, Array)
#3 /var/www/html/wp-content/themes/orin/page-home.php(37): get_sidebar()
#4 /var/www/html/wp-includes/template-loader.php(106): include('/var/www/html/w...')
#5 /var/www/html/wp-blog-header.php(19): require_once('/var/www/html/w...')
#6 /var/www/html/index.php(17): require('/var/www/html/w...')
#7 {main}
  thrown in /var/www/html/wp-content/themes/orin/sidebar.php on line 42

2022-09-07T06:38:18+00:00 CRITICAL Uncaught Error: Call to undefined function teaser() in /var/www/html/wp-content/themes/orin/sidebar.php:42
Stack trace:
#0 /var/www/html/wp-includes/template.php(770): require_once()
#1 /var/www/html/wp-includes/template.php(716): load_template('/var/www/html/w...', true, Array)
#2 /var/www/html/wp-includes/general-template.php(136): locate_template(Array, true, true, Array)
#3 /var/www/html/wp-content/themes/orin/page-home.php(37): get_sidebar()
#4 /var/www/html/wp-includes/template-loader.php(106): include('/var/www/html/w...')
#5 /var/www/html/wp-blog-header.php(19): require_once('/var/www/html/w...')
#6 /var/www/html/index.php(17): require('/var/www/html/w...')
#7 {main}
  thrown in /var/www/html/wp-content/themes/orin/sidebar.php on line 42

2022-09-07T06:38:18+00:00 CRITICAL Uncaught Error: Call to undefined function teaser() in /var/www/html/wp-content/themes/orin/sidebar.php:42
Stack trace:
#0 /var/www/html/wp-includes/template.php(770): require_once()
#1 /var/www/html/wp-includes/template.php(716): load_template('/var/www/html/w...', true, Array)
#2 /var/www/html/wp-includes/general-template.php(136): locate_template(Array, true, true, Array)
#3 /var/www/html/wp-content/themes/orin/page-home.php(37): get_sidebar()
#4 /var/www/html/wp-includes/template-loader.php(106): include('/var/www/html/w...')
#5 /var/www/html/wp-blog-header.php(19): require_once('/var/www/html/w...')
#6 /var/www/html/index.php(17): require('/var/www/html/w...')
#7 {main}
  thrown in /var/www/html/wp-content/themes/orin/sidebar.php on line 42

2022-09-07T06:38:18+00:00 CRITICAL Uncaught Error: Call to undefined function teaser() in /var/www/html/wp-content/themes/orin/sidebar.php:42
Stack trace:
#0 /var/www/html/wp-includes/template.php(770): require_once()
#1 /var/www/html/wp-includes/template.php(716): load_template('/var/www/html/w...', true, Array)
#2 /var/www/html/wp-includes/general-template.php(136): locate_template(Array, true, true, Array)
#3 /var/www/html/wp-content/themes/orin/page-home.php(37): get_sidebar()
#4 /var/www/html/wp-includes/template-loader.php(106): include('/var/www/html/w...')
#5 /var/www/html/wp-blog-header.php(19): require_once('/var/www/html/w...')
#6 /var/www/html/index.php(17): require('/var/www/html/w...')
#7 {main}
  thrown in /var/www/html/wp-content/themes/orin/sidebar.php on line 42

2022-09-07T06:38:19+00:00 CRITICAL Uncaught Error: Call to undefined function teaser() in /var/www/html/wp-content/themes/orin/sidebar.php:42
Stack trace:
#0 /var/www/html/wp-includes/template.php(770): require_once()
#1 /var/www/html/wp-includes/template.php(716): load_template('/var/www/html/w...', true, Array)
#2 /var/www/html/wp-includes/general-template.php(136): locate_template(Array, true, true, Array)
#3 /var/www/html/wp-content/themes/orin/page-home.php(37): get_sidebar()
#4 /var/www/html/wp-includes/template-loader.php(106): include('/var/www/html/w...')
#5 /var/www/html/wp-blog-header.php(19): require_once('/var/www/html/w...')
#6 /var/www/html/index.php(17): require('/var/www/html/w...')
#7 {main}
  thrown in /var/www/html/wp-content/themes/orin/sidebar.php on line 42

2022-09-07T06:38:19+00:00 CRITICAL Uncaught Error: Call to undefined function teaser() in /var/www/html/wp-content/themes/orin/sidebar.php:42
Stack trace:
#0 /var/www/html/wp-includes/template.php(770): require_once()
#1 /var/www/html/wp-includes/template.php(716): load_template('/var/www/html/w...', true, Array)
#2 /var/www/html/wp-includes/general-template.php(136): locate_template(Array, true, true, Array)
#3 /var/www/html/wp-content/themes/orin/page-home.php(37): get_sidebar()
#4 /var/www/html/wp-includes/template-loader.php(106): include('/var/www/html/w...')
#5 /var/www/html/wp-blog-header.php(19): require_once('/var/www/html/w...')
#6 /var/www/html/index.php(17): require('/var/www/html/w...')
#7 {main}
  thrown in /var/www/html/wp-content/themes/orin/sidebar.php on line 42

2022-09-07T06:45:32+00:00 CRITICAL Uncaught Error: Call to undefined function teaser() in /var/www/html/wp-content/themes/orin/sidebar.php:22
Stack trace:
#0 /var/www/html/wp-includes/template.php(770): require_once()
#1 /var/www/html/wp-includes/template.php(716): load_template('/var/www/html/w...', true, Array)
#2 /var/www/html/wp-includes/general-template.php(136): locate_template(Array, true, true, Array)
#3 /var/www/html/wp-content/themes/orin/page-home.php(37): get_sidebar()
#4 /var/www/html/wp-includes/template-loader.php(106): include('/var/www/html/w...')
#5 /var/www/html/wp-blog-header.php(19): require_once('/var/www/html/w...')
#6 /var/www/html/index.php(17): require('/var/www/html/w...')
#7 {main}
  thrown in /var/www/html/wp-content/themes/orin/sidebar.php on line 22

2022-09-07T06:46:17+00:00 CRITICAL Uncaught Error: Call to undefined function teaser() in /var/www/html/wp-content/themes/orin/sidebar.php:22
Stack trace:
#0 /var/www/html/wp-includes/template.php(770): require_once()
#1 /var/www/html/wp-includes/template.php(716): load_template('/var/www/html/w...', true, Array)
#2 /var/www/html/wp-includes/general-template.php(136): locate_template(Array, true, true, Array)
#3 /var/www/html/wp-content/themes/orin/page-home.php(37): get_sidebar()
#4 /var/www/html/wp-includes/template-loader.php(106): include('/var/www/html/w...')
#5 /var/www/html/wp-blog-header.php(19): require_once('/var/www/html/w...')
#6 /var/www/html/index.php(17): require('/var/www/html/w...')
#7 {main}
  thrown in /var/www/html/wp-content/themes/orin/sidebar.php on line 22

2022-09-07T06:47:13+00:00 CRITICAL Uncaught Error: Call to undefined function teaser() in /var/www/html/wp-content/themes/orin/sidebar.php:22
Stack trace:
#0 /var/www/html/wp-includes/template.php(770): require_once()
#1 /var/www/html/wp-includes/template.php(716): load_template('/var/www/html/w...', true, Array)
#2 /var/www/html/wp-includes/general-template.php(136): locate_template(Array, true, true, Array)
#3 /var/www/html/wp-content/themes/orin/page-home.php(37): get_sidebar()
#4 /var/www/html/wp-includes/template-loader.php(106): include('/var/www/html/w...')
#5 /var/www/html/wp-blog-header.php(19): require_once('/var/www/html/w...')
#6 /var/www/html/index.php(17): require('/var/www/html/w...')
#7 {main}
  thrown in /var/www/html/wp-content/themes/orin/sidebar.php on line 22

2022-09-07T06:49:56+00:00 CRITICAL Uncaught Error: Call to undefined function teaser() in /var/www/html/wp-content/themes/orin/sidebar.php:22
Stack trace:
#0 /var/www/html/wp-includes/template.php(770): require_once()
#1 /var/www/html/wp-includes/template.php(716): load_template('/var/www/html/w...', true, Array)
#2 /var/www/html/wp-includes/general-template.php(136): locate_template(Array, true, true, Array)
#3 /var/www/html/wp-content/themes/orin/page-home.php(37): get_sidebar()
#4 /var/www/html/wp-includes/template-loader.php(106): include('/var/www/html/w...')
#5 /var/www/html/wp-blog-header.php(19): require_once('/var/www/html/w...')
#6 /var/www/html/index.php(17): require('/var/www/html/w...')
#7 {main}
  thrown in /var/www/html/wp-content/themes/orin/sidebar.php on line 22

2022-09-07T06:50:00+00:00 CRITICAL Uncaught Error: Call to undefined function teaser() in /var/www/html/wp-content/themes/orin/sidebar.php:22
Stack trace:
#0 /var/www/html/wp-includes/template.php(770): require_once()
#1 /var/www/html/wp-includes/template.php(716): load_template('/var/www/html/w...', true, Array)
#2 /var/www/html/wp-includes/general-template.php(136): locate_template(Array, true, true, Array)
#3 /var/www/html/wp-content/themes/orin/page-home.php(37): get_sidebar()
#4 /var/www/html/wp-includes/template-loader.php(106): include('/var/www/html/w...')
#5 /var/www/html/wp-blog-header.php(19): require_once('/var/www/html/w...')
#6 /var/www/html/index.php(17): require('/var/www/html/w...')
#7 {main}
  thrown in /var/www/html/wp-content/themes/orin/sidebar.php on line 22

2022-09-07T06:50:01+00:00 CRITICAL Uncaught Error: Call to undefined function teaser() in /var/www/html/wp-content/themes/orin/sidebar.php:22
Stack trace:
#0 /var/www/html/wp-includes/template.php(770): require_once()
#1 /var/www/html/wp-includes/template.php(716): load_template('/var/www/html/w...', true, Array)
#2 /var/www/html/wp-includes/general-template.php(136): locate_template(Array, true, true, Array)
#3 /var/www/html/wp-content/themes/orin/page-home.php(37): get_sidebar()
#4 /var/www/html/wp-includes/template-loader.php(106): include('/var/www/html/w...')
#5 /var/www/html/wp-blog-header.php(19): require_once('/var/www/html/w...')
#6 /var/www/html/index.php(17): require('/var/www/html/w...')
#7 {main}
  thrown in /var/www/html/wp-content/themes/orin/sidebar.php on line 22

2022-09-07T06:50:15+00:00 CRITICAL Uncaught Error: Call to undefined function teaser() in /var/www/html/wp-content/themes/orin/sidebar.php:22
Stack trace:
#0 /var/www/html/wp-includes/template.php(770): require_once()
#1 /var/www/html/wp-includes/template.php(716): load_template('/var/www/html/w...', true, Array)
#2 /var/www/html/wp-includes/general-template.php(136): locate_template(Array, true, true, Array)
#3 /var/www/html/wp-content/themes/orin/page-home.php(37): get_sidebar()
#4 /var/www/html/wp-includes/template-loader.php(106): include('/var/www/html/w...')
#5 /var/www/html/wp-blog-header.php(19): require_once('/var/www/html/w...')
#6 /var/www/html/index.php(17): require('/var/www/html/w...')
#7 {main}
  thrown in /var/www/html/wp-content/themes/orin/sidebar.php on line 22

2022-09-07T06:50:16+00:00 CRITICAL Uncaught Error: Call to undefined function teaser() in /var/www/html/wp-content/themes/orin/sidebar.php:22
Stack trace:
#0 /var/www/html/wp-includes/template.php(770): require_once()
#1 /var/www/html/wp-includes/template.php(716): load_template('/var/www/html/w...', true, Array)
#2 /var/www/html/wp-includes/general-template.php(136): locate_template(Array, true, true, Array)
#3 /var/www/html/wp-content/themes/orin/page-home.php(37): get_sidebar()
#4 /var/www/html/wp-includes/template-loader.php(106): include('/var/www/html/w...')
#5 /var/www/html/wp-blog-header.php(19): require_once('/var/www/html/w...')
#6 /var/www/html/index.php(17): require('/var/www/html/w...')
#7 {main}
  thrown in /var/www/html/wp-content/themes/orin/sidebar.php on line 22

2022-09-07T06:51:09+00:00 CRITICAL Uncaught Error: Call to undefined function teaser() in /var/www/html/wp-content/themes/orin/sidebar.php:22
Stack trace:
#0 /var/www/html/wp-includes/template.php(770): require_once()
#1 /var/www/html/wp-includes/template.php(716): load_template('/var/www/html/w...', true, Array)
#2 /var/www/html/wp-includes/general-template.php(136): locate_template(Array, true, true, Array)
#3 /var/www/html/wp-content/themes/orin/page-home.php(37): get_sidebar()
#4 /var/www/html/wp-includes/template-loader.php(106): include('/var/www/html/w...')
#5 /var/www/html/wp-blog-header.php(19): require_once('/var/www/html/w...')
#6 /var/www/html/index.php(17): require('/var/www/html/w...')
#7 {main}
  thrown in /var/www/html/wp-content/themes/orin/sidebar.php on line 22

2022-09-07T06:51:19+00:00 CRITICAL Uncaught Error: Call to undefined function teaser() in /var/www/html/wp-content/themes/orin/sidebar.php:22
Stack trace:
#0 /var/www/html/wp-includes/template.php(770): require_once()
#1 /var/www/html/wp-includes/template.php(716): load_template('/var/www/html/w...', true, Array)
#2 /var/www/html/wp-includes/general-template.php(136): locate_template(Array, true, true, Array)
#3 /var/www/html/wp-content/themes/orin/page-home.php(37): get_sidebar()
#4 /var/www/html/wp-includes/template-loader.php(106): include('/var/www/html/w...')
#5 /var/www/html/wp-blog-header.php(19): require_once('/var/www/html/w...')
#6 /var/www/html/index.php(17): require('/var/www/html/w...')
#7 {main}
  thrown in /var/www/html/wp-content/themes/orin/sidebar.php on line 22

2022-09-07T06:51:30+00:00 CRITICAL Uncaught Error: Call to undefined function teaser() in /var/www/html/wp-content/themes/orin/sidebar.php:22
Stack trace:
#0 /var/www/html/wp-includes/template.php(770): require_once()
#1 /var/www/html/wp-includes/template.php(716): load_template('/var/www/html/w...', true, Array)
#2 /var/www/html/wp-includes/general-template.php(136): locate_template(Array, true, true, Array)
#3 /var/www/html/wp-content/themes/orin/page-home.php(37): get_sidebar()
#4 /var/www/html/wp-includes/template-loader.php(106): include('/var/www/html/w...')
#5 /var/www/html/wp-blog-header.php(19): require_once('/var/www/html/w...')
#6 /var/www/html/index.php(17): require('/var/www/html/w...')
#7 {main}
  thrown in /var/www/html/wp-content/themes/orin/sidebar.php on line 22

2022-09-07T06:55:05+00:00 CRITICAL Uncaught Error: Call to undefined function display_thumbnail() in /var/www/html/wp-content/themes/orin/sidebar.php:19
Stack trace:
#0 /var/www/html/wp-includes/template.php(770): require_once()
#1 /var/www/html/wp-includes/template.php(716): load_template('/var/www/html/w...', true, Array)
#2 /var/www/html/wp-includes/general-template.php(136): locate_template(Array, true, true, Array)
#3 /var/www/html/wp-content/themes/orin/page-home.php(37): get_sidebar()
#4 /var/www/html/wp-includes/template-loader.php(106): include('/var/www/html/w...')
#5 /var/www/html/wp-blog-header.php(19): require_once('/var/www/html/w...')
#6 /var/www/html/index.php(17): require('/var/www/html/w...')
#7 {main}
  thrown in /var/www/html/wp-content/themes/orin/sidebar.php on line 19

2022-09-07T08:22:36+00:00 CRITICAL Uncaught Error: Call to undefined function display_thumbnail() in /var/www/html/wp-content/themes/orin/page-shop.php:17
Stack trace:
#0 /var/www/html/wp-includes/template.php(772): require()
#1 /var/www/html/wp-includes/template.php(716): load_template('/var/www/html/w...', false, Array)
#2 /var/www/html/wp-includes/general-template.php(204): locate_template(Array, true, false, Array)
#3 /var/www/html/wp-content/themes/orin/page-home.php(35): get_template_part('page-shop')
#4 /var/www/html/wp-includes/template-loader.php(106): include('/var/www/html/w...')
#5 /var/www/html/wp-blog-header.php(19): require_once('/var/www/html/w...')
#6 /var/www/html/index.php(17): require('/var/www/html/w...')
#7 {main}
  thrown in /var/www/html/wp-content/themes/orin/page-shop.php on line 17

2022-09-07T08:22:40+00:00 CRITICAL Uncaught Error: Call to undefined function display_thumbnail() in /var/www/html/wp-content/themes/orin/page-shop.php:17
Stack trace:
#0 /var/www/html/wp-includes/template.php(772): require()
#1 /var/www/html/wp-includes/template.php(716): load_template('/var/www/html/w...', false, Array)
#2 /var/www/html/wp-includes/general-template.php(204): locate_template(Array, true, false, Array)
#3 /var/www/html/wp-content/themes/orin/page-home.php(35): get_template_part('page-shop')
#4 /var/www/html/wp-includes/template-loader.php(106): include('/var/www/html/w...')
#5 /var/www/html/wp-blog-header.php(19): require_once('/var/www/html/w...')
#6 /var/www/html/index.php(17): require('/var/www/html/w...')
#7 {main}
  thrown in /var/www/html/wp-content/themes/orin/page-shop.php on line 17

2022-09-07T08:24:53+00:00 CRITICAL Uncaught Error: Call to undefined function display_thumbnail() in /var/www/html/wp-content/themes/orin/page-shop.php:17
Stack trace:
#0 /var/www/html/wp-includes/template.php(772): require()
#1 /var/www/html/wp-includes/template.php(716): load_template('/var/www/html/w...', false, Array)
#2 /var/www/html/wp-includes/general-template.php(204): locate_template(Array, true, false, Array)
#3 /var/www/html/wp-content/themes/orin/page-home.php(35): get_template_part('page-shop')
#4 /var/www/html/wp-includes/template-loader.php(106): include('/var/www/html/w...')
#5 /var/www/html/wp-blog-header.php(19): require_once('/var/www/html/w...')
#6 /var/www/html/index.php(17): require('/var/www/html/w...')
#7 {main}
  thrown in /var/www/html/wp-content/themes/orin/page-shop.php on line 17

2022-09-07T08:25:17+00:00 CRITICAL Uncaught Error: Call to undefined function display_thumbnail() in /var/www/html/wp-content/themes/orin/page-shop.php:17
Stack trace:
#0 /var/www/html/wp-includes/template.php(772): require()
#1 /var/www/html/wp-includes/template.php(716): load_template('/var/www/html/w...', false, Array)
#2 /var/www/html/wp-includes/general-template.php(204): locate_template(Array, true, false, Array)
#3 /var/www/html/wp-content/themes/orin/page-home.php(35): get_template_part('page-shop')
#4 /var/www/html/wp-includes/template-loader.php(106): include('/var/www/html/w...')
#5 /var/www/html/wp-blog-header.php(19): require_once('/var/www/html/w...')
#6 /var/www/html/index.php(17): require('/var/www/html/w...')
#7 {main}
  thrown in /var/www/html/wp-content/themes/orin/page-shop.php on line 17

2022-09-07T10:29:04+00:00 CRITICAL Uncaught ArgumentCountError: Too few arguments to function dieu_thumbnail(), 0 passed in /var/www/html/wp-content/themes/orin/single-post.php on line 7 and exactly 1 expected in /var/www/html/wp-content/themes/orin/functions.php:142
Stack trace:
#0 /var/www/html/wp-content/themes/orin/single-post.php(7): dieu_thumbnail()
#1 /var/www/html/wp-includes/template-loader.php(106): include('/var/www/html/w...')
#2 /var/www/html/wp-blog-header.php(19): require_once('/var/www/html/w...')
#3 /var/www/html/index.php(17): require('/var/www/html/w...')
#4 {main}
  thrown in /var/www/html/wp-content/themes/orin/functions.php on line 142

2022-09-07T10:29:07+00:00 CRITICAL Uncaught ArgumentCountError: Too few arguments to function dieu_thumbnail(), 0 passed in /var/www/html/wp-content/themes/orin/single-post.php on line 7 and exactly 1 expected in /var/www/html/wp-content/themes/orin/functions.php:142
Stack trace:
#0 /var/www/html/wp-content/themes/orin/single-post.php(7): dieu_thumbnail()
#1 /var/www/html/wp-includes/template-loader.php(106): include('/var/www/html/w...')
#2 /var/www/html/wp-blog-header.php(19): require_once('/var/www/html/w...')
#3 /var/www/html/index.php(17): require('/var/www/html/w...')
#4 {main}
  thrown in /var/www/html/wp-content/themes/orin/functions.php on line 142

