2022-09-14T06:38:20+00:00 CRITICAL Uncaught Error: Call to undefined function get_cart_quantity() in /var/www/html/wp-content/themes/orin/header.php:42
Stack trace:
#0 /var/www/html/wp-includes/template.php(770): require_once()
#1 /var/www/html/wp-includes/template.php(716): load_template('/var/www/html/w...', true, Array)
#2 /var/www/html/wp-includes/general-template.php(48): locate_template(Array, true, true, Array)
#3 /var/www/html/wp-content/themes/orin/page-home.php(2): get_header()
#4 /var/www/html/wp-includes/template-loader.php(106): include('/var/www/html/w...')
#5 /var/www/html/wp-blog-header.php(19): require_once('/var/www/html/w...')
#6 /var/www/html/index.php(17): require('/var/www/html/w...')
#7 {main}
  thrown in /var/www/html/wp-content/themes/orin/header.php on line 42

2022-09-14T06:38:25+00:00 CRITICAL Uncaught Error: Call to undefined function get_cart_quantity() in /var/www/html/wp-content/themes/orin/header.php:42
Stack trace:
#0 /var/www/html/wp-includes/template.php(770): require_once()
#1 /var/www/html/wp-includes/template.php(716): load_template('/var/www/html/w...', true, Array)
#2 /var/www/html/wp-includes/general-template.php(48): locate_template(Array, true, true, Array)
#3 /var/www/html/wp-content/themes/orin/page-home.php(2): get_header()
#4 /var/www/html/wp-includes/template-loader.php(106): include('/var/www/html/w...')
#5 /var/www/html/wp-blog-header.php(19): require_once('/var/www/html/w...')
#6 /var/www/html/index.php(17): require('/var/www/html/w...')
#7 {main}
  thrown in /var/www/html/wp-content/themes/orin/header.php on line 42

2022-09-14T06:38:51+00:00 CRITICAL Uncaught Error: Call to undefined function get_cart_quantity() in /var/www/html/wp-content/themes/orin/header.php:42
Stack trace:
#0 /var/www/html/wp-includes/template.php(770): require_once()
#1 /var/www/html/wp-includes/template.php(716): load_template('/var/www/html/w...', true, Array)
#2 /var/www/html/wp-includes/general-template.php(48): locate_template(Array, true, true, Array)
#3 /var/www/html/wp-content/themes/orin/page-home.php(2): get_header()
#4 /var/www/html/wp-includes/template-loader.php(106): include('/var/www/html/w...')
#5 /var/www/html/wp-blog-header.php(19): require_once('/var/www/html/w...')
#6 /var/www/html/index.php(17): require('/var/www/html/w...')
#7 {main}
  thrown in /var/www/html/wp-content/themes/orin/header.php on line 42

2022-09-14T06:38:55+00:00 CRITICAL Uncaught Error: Call to undefined function get_cart_quantity() in /var/www/html/wp-content/themes/orin/header.php:42
Stack trace:
#0 /var/www/html/wp-includes/template.php(770): require_once()
#1 /var/www/html/wp-includes/template.php(716): load_template('/var/www/html/w...', true, Array)
#2 /var/www/html/wp-includes/general-template.php(48): locate_template(Array, true, true, Array)
#3 /var/www/html/wp-content/themes/orin/page-home.php(2): get_header()
#4 /var/www/html/wp-includes/template-loader.php(106): include('/var/www/html/w...')
#5 /var/www/html/wp-blog-header.php(19): require_once('/var/www/html/w...')
#6 /var/www/html/index.php(17): require('/var/www/html/w...')
#7 {main}
  thrown in /var/www/html/wp-content/themes/orin/header.php on line 42

2022-09-14T06:38:55+00:00 CRITICAL Uncaught Error: Call to undefined function get_cart_quantity() in /var/www/html/wp-content/themes/orin/header.php:42
Stack trace:
#0 /var/www/html/wp-includes/template.php(770): require_once()
#1 /var/www/html/wp-includes/template.php(716): load_template('/var/www/html/w...', true, Array)
#2 /var/www/html/wp-includes/general-template.php(48): locate_template(Array, true, true, Array)
#3 /var/www/html/wp-content/themes/orin/page-home.php(2): get_header()
#4 /var/www/html/wp-includes/template-loader.php(106): include('/var/www/html/w...')
#5 /var/www/html/wp-blog-header.php(19): require_once('/var/www/html/w...')
#6 /var/www/html/index.php(17): require('/var/www/html/w...')
#7 {main}
  thrown in /var/www/html/wp-content/themes/orin/header.php on line 42

2022-09-14T06:38:56+00:00 CRITICAL Uncaught Error: Call to undefined function get_cart_quantity() in /var/www/html/wp-content/themes/orin/header.php:42
Stack trace:
#0 /var/www/html/wp-includes/template.php(770): require_once()
#1 /var/www/html/wp-includes/template.php(716): load_template('/var/www/html/w...', true, Array)
#2 /var/www/html/wp-includes/general-template.php(48): locate_template(Array, true, true, Array)
#3 /var/www/html/wp-content/themes/orin/page-home.php(2): get_header()
#4 /var/www/html/wp-includes/template-loader.php(106): include('/var/www/html/w...')
#5 /var/www/html/wp-blog-header.php(19): require_once('/var/www/html/w...')
#6 /var/www/html/index.php(17): require('/var/www/html/w...')
#7 {main}
  thrown in /var/www/html/wp-content/themes/orin/header.php on line 42

2022-09-14T06:43:07+00:00 CRITICAL Uncaught Error: Call to undefined function get_cart_quantity() in /var/www/html/wp-content/themes/orin/header.php:45
Stack trace:
#0 /var/www/html/wp-includes/template.php(770): require_once()
#1 /var/www/html/wp-includes/template.php(716): load_template('/var/www/html/w...', true, Array)
#2 /var/www/html/wp-includes/general-template.php(48): locate_template(Array, true, true, Array)
#3 /var/www/html/wp-content/themes/orin/page-shop.php(1): get_header()
#4 /var/www/html/wp-includes/template-loader.php(106): include('/var/www/html/w...')
#5 /var/www/html/wp-blog-header.php(19): require_once('/var/www/html/w...')
#6 /var/www/html/index.php(17): require('/var/www/html/w...')
#7 {main}
  thrown in /var/www/html/wp-content/themes/orin/header.php on line 45

2022-09-14T06:43:12+00:00 CRITICAL Uncaught Error: Call to undefined function get_cart_quantity() in /var/www/html/wp-content/themes/orin/header.php:45
Stack trace:
#0 /var/www/html/wp-includes/template.php(770): require_once()
#1 /var/www/html/wp-includes/template.php(716): load_template('/var/www/html/w...', true, Array)
#2 /var/www/html/wp-includes/general-template.php(48): locate_template(Array, true, true, Array)
#3 /var/www/html/wp-content/themes/orin/page-home.php(2): get_header()
#4 /var/www/html/wp-includes/template-loader.php(106): include('/var/www/html/w...')
#5 /var/www/html/wp-blog-header.php(19): require_once('/var/www/html/w...')
#6 /var/www/html/index.php(17): require('/var/www/html/w...')
#7 {main}
  thrown in /var/www/html/wp-content/themes/orin/header.php on line 45

2022-09-14T06:43:13+00:00 CRITICAL Uncaught Error: Call to undefined function get_cart_quantity() in /var/www/html/wp-content/themes/orin/header.php:45
Stack trace:
#0 /var/www/html/wp-includes/template.php(770): require_once()
#1 /var/www/html/wp-includes/template.php(716): load_template('/var/www/html/w...', true, Array)
#2 /var/www/html/wp-includes/general-template.php(48): locate_template(Array, true, true, Array)
#3 /var/www/html/wp-content/themes/orin/page-shop.php(1): get_header()
#4 /var/www/html/wp-includes/template-loader.php(106): include('/var/www/html/w...')
#5 /var/www/html/wp-blog-header.php(19): require_once('/var/www/html/w...')
#6 /var/www/html/index.php(17): require('/var/www/html/w...')
#7 {main}
  thrown in /var/www/html/wp-content/themes/orin/header.php on line 45

2022-09-14T06:43:14+00:00 CRITICAL Uncaught Error: Call to undefined function get_cart_quantity() in /var/www/html/wp-content/themes/orin/header.php:45
Stack trace:
#0 /var/www/html/wp-includes/template.php(770): require_once()
#1 /var/www/html/wp-includes/template.php(716): load_template('/var/www/html/w...', true, Array)
#2 /var/www/html/wp-includes/general-template.php(48): locate_template(Array, true, true, Array)
#3 /var/www/html/wp-content/themes/orin/page-arts.php(1): get_header()
#4 /var/www/html/wp-includes/template-loader.php(106): include('/var/www/html/w...')
#5 /var/www/html/wp-blog-header.php(19): require_once('/var/www/html/w...')
#6 /var/www/html/index.php(17): require('/var/www/html/w...')
#7 {main}
  thrown in /var/www/html/wp-content/themes/orin/header.php on line 45

2022-09-14T06:43:28+00:00 CRITICAL Uncaught Error: Call to undefined function get_cart_quantity() in /var/www/html/wp-content/themes/orin/header.php:45
Stack trace:
#0 /var/www/html/wp-includes/template.php(770): require_once()
#1 /var/www/html/wp-includes/template.php(716): load_template('/var/www/html/w...', true, Array)
#2 /var/www/html/wp-includes/general-template.php(48): locate_template(Array, true, true, Array)
#3 /var/www/html/wp-content/themes/orin/page-arts.php(1): get_header()
#4 /var/www/html/wp-includes/template-loader.php(106): include('/var/www/html/w...')
#5 /var/www/html/wp-blog-header.php(19): require_once('/var/www/html/w...')
#6 /var/www/html/index.php(17): require('/var/www/html/w...')
#7 {main}
  thrown in /var/www/html/wp-content/themes/orin/header.php on line 45

2022-09-14T06:43:29+00:00 CRITICAL Uncaught Error: Call to undefined function get_cart_quantity() in /var/www/html/wp-content/themes/orin/header.php:45
Stack trace:
#0 /var/www/html/wp-includes/template.php(770): require_once()
#1 /var/www/html/wp-includes/template.php(716): load_template('/var/www/html/w...', true, Array)
#2 /var/www/html/wp-includes/general-template.php(48): locate_template(Array, true, true, Array)
#3 /var/www/html/wp-content/themes/orin/page-arts.php(1): get_header()
#4 /var/www/html/wp-includes/template-loader.php(106): include('/var/www/html/w...')
#5 /var/www/html/wp-blog-header.php(19): require_once('/var/www/html/w...')
#6 /var/www/html/index.php(17): require('/var/www/html/w...')
#7 {main}
  thrown in /var/www/html/wp-content/themes/orin/header.php on line 45

2022-09-14T06:43:30+00:00 CRITICAL Uncaught Error: Call to undefined function get_cart_quantity() in /var/www/html/wp-content/themes/orin/header.php:45
Stack trace:
#0 /var/www/html/wp-includes/template.php(770): require_once()
#1 /var/www/html/wp-includes/template.php(716): load_template('/var/www/html/w...', true, Array)
#2 /var/www/html/wp-includes/general-template.php(48): locate_template(Array, true, true, Array)
#3 /var/www/html/wp-content/themes/orin/page-arts.php(1): get_header()
#4 /var/www/html/wp-includes/template-loader.php(106): include('/var/www/html/w...')
#5 /var/www/html/wp-blog-header.php(19): require_once('/var/www/html/w...')
#6 /var/www/html/index.php(17): require('/var/www/html/w...')
#7 {main}
  thrown in /var/www/html/wp-content/themes/orin/header.php on line 45

2022-09-14T06:43:30+00:00 CRITICAL Uncaught Error: Call to undefined function get_cart_quantity() in /var/www/html/wp-content/themes/orin/header.php:45
Stack trace:
#0 /var/www/html/wp-includes/template.php(770): require_once()
#1 /var/www/html/wp-includes/template.php(716): load_template('/var/www/html/w...', true, Array)
#2 /var/www/html/wp-includes/general-template.php(48): locate_template(Array, true, true, Array)
#3 /var/www/html/wp-content/themes/orin/page-arts.php(1): get_header()
#4 /var/www/html/wp-includes/template-loader.php(106): include('/var/www/html/w...')
#5 /var/www/html/wp-blog-header.php(19): require_once('/var/www/html/w...')
#6 /var/www/html/index.php(17): require('/var/www/html/w...')
#7 {main}
  thrown in /var/www/html/wp-content/themes/orin/header.php on line 45

2022-09-14T06:43:31+00:00 CRITICAL Uncaught Error: Call to undefined function get_cart_quantity() in /var/www/html/wp-content/themes/orin/header.php:45
Stack trace:
#0 /var/www/html/wp-includes/template.php(770): require_once()
#1 /var/www/html/wp-includes/template.php(716): load_template('/var/www/html/w...', true, Array)
#2 /var/www/html/wp-includes/general-template.php(48): locate_template(Array, true, true, Array)
#3 /var/www/html/wp-content/themes/orin/page-arts.php(1): get_header()
#4 /var/www/html/wp-includes/template-loader.php(106): include('/var/www/html/w...')
#5 /var/www/html/wp-blog-header.php(19): require_once('/var/www/html/w...')
#6 /var/www/html/index.php(17): require('/var/www/html/w...')
#7 {main}
  thrown in /var/www/html/wp-content/themes/orin/header.php on line 45

2022-09-14T06:43:31+00:00 CRITICAL Uncaught Error: Call to undefined function get_cart_quantity() in /var/www/html/wp-content/themes/orin/header.php:45
Stack trace:
#0 /var/www/html/wp-includes/template.php(770): require_once()
#1 /var/www/html/wp-includes/template.php(716): load_template('/var/www/html/w...', true, Array)
#2 /var/www/html/wp-includes/general-template.php(48): locate_template(Array, true, true, Array)
#3 /var/www/html/wp-content/themes/orin/page-arts.php(1): get_header()
#4 /var/www/html/wp-includes/template-loader.php(106): include('/var/www/html/w...')
#5 /var/www/html/wp-blog-header.php(19): require_once('/var/www/html/w...')
#6 /var/www/html/index.php(17): require('/var/www/html/w...')
#7 {main}
  thrown in /var/www/html/wp-content/themes/orin/header.php on line 45

2022-09-14T06:43:31+00:00 CRITICAL Uncaught Error: Call to undefined function get_cart_quantity() in /var/www/html/wp-content/themes/orin/header.php:45
Stack trace:
#0 /var/www/html/wp-includes/template.php(770): require_once()
#1 /var/www/html/wp-includes/template.php(716): load_template('/var/www/html/w...', true, Array)
#2 /var/www/html/wp-includes/general-template.php(48): locate_template(Array, true, true, Array)
#3 /var/www/html/wp-content/themes/orin/page-arts.php(1): get_header()
#4 /var/www/html/wp-includes/template-loader.php(106): include('/var/www/html/w...')
#5 /var/www/html/wp-blog-header.php(19): require_once('/var/www/html/w...')
#6 /var/www/html/index.php(17): require('/var/www/html/w...')
#7 {main}
  thrown in /var/www/html/wp-content/themes/orin/header.php on line 45

